c:\users\hendrik\source\repos\platformercpp\debug\vc142.pdb
c:\users\hendrik\source\repos\platformercpp\debug\vc142.idb
c:\users\hendrik\source\repos\platformercpp\debug\main.obj
c:\users\hendrik\source\repos\platformercpp\debug\game.obj
c:\users\hendrik\source\repos\platformercpp\debug\player.obj
c:\users\hendrik\source\repos\platformercpp\debug\entity.obj
c:\users\hendrik\source\repos\platformercpp\debug\texturemap.obj
c:\users\hendrik\source\repos\platformercpp\debug\utility.obj
c:\users\hendrik\source\repos\platformercpp\debug\tilemap.obj
c:\users\hendrik\source\repos\platformercpp\debug\level.obj
c:\users\hendrik\source\repos\platformercpp\debug\eventtrigger.obj
c:\users\hendrik\source\repos\platformercpp\debug\enemy.obj
c:\users\hendrik\source\repos\platformercpp\debug\gameexception.obj
c:\users\hendrik\source\repos\platformercpp\debug\platformercpp.exe
c:\users\hendrik\source\repos\platformercpp\debug\platformercpp.ilk
c:\users\hendrik\source\repos\platformercpp\debug\platformercpp.pdb
c:\users\hendrik\source\repos\platformercpp\debug\platformercpp.tlog\cl.command.1.tlog
c:\users\hendrik\source\repos\platformercpp\debug\platformercpp.tlog\cl.read.1.tlog
c:\users\hendrik\source\repos\platformercpp\debug\platformercpp.tlog\cl.write.1.tlog
c:\users\hendrik\source\repos\platformercpp\debug\platformercpp.tlog\link-cvtres.read.1.tlog
c:\users\hendrik\source\repos\platformercpp\debug\platformercpp.tlog\link-cvtres.write.1.tlog
c:\users\hendrik\source\repos\platformercpp\debug\platformercpp.tlog\link-rc.read.1.tlog
c:\users\hendrik\source\repos\platformercpp\debug\platformercpp.tlog\link-rc.write.1.tlog
c:\users\hendrik\source\repos\platformercpp\debug\platformercpp.tlog\link.command.1.tlog
c:\users\hendrik\source\repos\platformercpp\debug\platformercpp.tlog\link.read.1.tlog
c:\users\hendrik\source\repos\platformercpp\debug\platformercpp.tlog\link.write.1.tlog
